
Running 4 tests using 4 workers

  Ô£ô  4 [chromium] ÔÇ║ e2e\md3-audit.spec.ts:52:7 ÔÇ║ MD3 Compliance Audit ÔÇ║ Motion: Transitions should use Bezier curves (19.7s)
  Ô£İ  1 [chromium] ÔÇ║ e2e\md3-audit.spec.ts:27:7 ÔÇ║ MD3 Compliance Audit ÔÇ║ Touch Targets: Buttons should be >= 48px height (30.5s)
  Ô£İ  2 [chromium] ÔÇ║ e2e\md3-audit.spec.ts:12:7 ÔÇ║ MD3 Compliance Audit ÔÇ║ Typography: Should use System Fonts (30.5s)
  Ô£İ  3 [chromium] ÔÇ║ e2e\md3-audit.spec.ts:62:7 ÔÇ║ MD3 Compliance Audit ÔÇ║ Color System: No pure black or white backgrounds in cards (30.7s)


  1) [chromium] ÔÇ║ e2e\md3-audit.spec.ts:12:7 ÔÇ║ MD3 Compliance Audit ÔÇ║ Typography: Should use System Fonts 

    [31mTest timeout of 30000ms exceeded while running "beforeEach" hook.[39m

      4 | test.describe('MD3 Compliance Audit', () => {
      5 |   
    > 6 |   test.beforeEach(async ({ page }) => {
        |        ^
      7 |     await page.goto('/');
      8 |     // Wait for animation to settle (Expressive motion)
      9 |     await page.waitForTimeout(1000); 
        at D:\Repositories\ozlem-murzoglu\e2e\md3-audit.spec.ts:6:8

    Error: page.goto: Test timeout of 30000ms exceeded.
    Call log:
    [2m  - navigating to "http://localhost:4200/", waiting until "load"[22m


       5 |   
       6 |   test.beforeEach(async ({ page }) => {
    >  7 |     await page.goto('/');
         |                ^
       8 |     // Wait for animation to settle (Expressive motion)
       9 |     await page.waitForTimeout(1000); 
      10 |   });
        at D:\Repositories\ozlem-murzoglu\e2e\md3-audit.spec.ts:7:16

    Error Context: test-results\md3-audit-MD3-Compliance-A-26f70-phy-Should-use-System-Fonts-chromium\error-context.md

  2) [chromium] ÔÇ║ e2e\md3-audit.spec.ts:27:7 ÔÇ║ MD3 Compliance Audit ÔÇ║ Touch Targets: Buttons should be >= 48px height 

    [31mTest timeout of 30000ms exceeded while running "beforeEach" hook.[39m

      4 | test.describe('MD3 Compliance Audit', () => {
      5 |   
    > 6 |   test.beforeEach(async ({ page }) => {
        |        ^
      7 |     await page.goto('/');
      8 |     // Wait for animation to settle (Expressive motion)
      9 |     await page.waitForTimeout(1000); 
        at D:\Repositories\ozlem-murzoglu\e2e\md3-audit.spec.ts:6:8

    Error: page.goto: Test timeout of 30000ms exceeded.
    Call log:
    [2m  - navigating to "http://localhost:4200/", waiting until "load"[22m


       5 |   
       6 |   test.beforeEach(async ({ page }) => {
    >  7 |     await page.goto('/');
         |                ^
       8 |     // Wait for animation to settle (Expressive motion)
       9 |     await page.waitForTimeout(1000); 
      10 |   });
        at D:\Repositories\ozlem-murzoglu\e2e\md3-audit.spec.ts:7:16

    Error Context: test-results\md3-audit-MD3-Compliance-A-5f27f-ttons-should-be-48px-height-chromium\error-context.md

  3) [chromium] ÔÇ║ e2e\md3-audit.spec.ts:62:7 ÔÇ║ MD3 Compliance Audit ÔÇ║ Color System: No pure black or white backgrounds in cards 

    [31mTest timeout of 30000ms exceeded while running "beforeEach" hook.[39m

      4 | test.describe('MD3 Compliance Audit', () => {
      5 |   
    > 6 |   test.beforeEach(async ({ page }) => {
        |        ^
      7 |     await page.goto('/');
      8 |     // Wait for animation to settle (Expressive motion)
      9 |     await page.waitForTimeout(1000); 
        at D:\Repositories\ozlem-murzoglu\e2e\md3-audit.spec.ts:6:8

    Error: page.goto: Test timeout of 30000ms exceeded.
    Call log:
    [2m  - navigating to "http://localhost:4200/", waiting until "load"[22m


       5 |   
       6 |   test.beforeEach(async ({ page }) => {
    >  7 |     await page.goto('/');
         |                ^
       8 |     // Wait for animation to settle (Expressive motion)
       9 |     await page.waitForTimeout(1000); 
      10 |   });
        at D:\Repositories\ozlem-murzoglu\e2e\md3-audit.spec.ts:7:16

    Error Context: test-results\md3-audit-MD3-Compliance-A-7d382--white-backgrounds-in-cards-chromium\error-context.md

  3 failed
    [chromium] ÔÇ║ e2e\md3-audit.spec.ts:12:7 ÔÇ║ MD3 Compliance Audit ÔÇ║ Typography: Should use System Fonts 
    [chromium] ÔÇ║ e2e\md3-audit.spec.ts:27:7 ÔÇ║ MD3 Compliance Audit ÔÇ║ Touch Targets: Buttons should be >= 48px height 
    [chromium] ÔÇ║ e2e\md3-audit.spec.ts:62:7 ÔÇ║ MD3 Compliance Audit ÔÇ║ Color System: No pure black or white backgrounds in cards 
  1 passed (41.0s)
